#
# There is insufficient memory for the Java Runtime Environment to continue.
# Native memory allocation (mmap) failed to map 20971520 bytes for G1 virtual space
# Possible reasons:
#   The system is out of physical RAM or swap space
#   The process is running with CompressedOops enabled, and the Java Heap may be blocking the growth of the native heap
# Possible solutions:
#   Reduce memory load on the system
#   Increase physical memory or swap space
#   Check if swap backing store is full
#   Decrease Java heap size (-Xmx/-Xms)
#   Decrease number of Java threads
#   Decrease Java thread stack sizes (-Xss)
#   Set larger code cache with -XX:ReservedCodeCacheSize=
#   JVM is running with Zero Based Compressed Oops mode in which the Java heap is
#     placed in the first 32GB address space. The Java Heap base address is the
#     maximum limit for the native heap growth. Please use -XX:HeapBaseMinAddress
#     to set the Java Heap base and to place the Java Heap above 32GB virtual address.
# This output file may be truncated or incomplete.
#
#  Out of Memory Error (os_windows.cpp:3469), pid=6044, tid=44044
#
# JRE version: OpenJDK Runtime Environment Temurin-17.0.1+12 (17.0.1+12) (build 17.0.1+12)
# Java VM: OpenJDK 64-Bit Server VM Temurin-17.0.1+12 (17.0.1+12, mixed mode, emulated-client, tiered, compressed oops, compressed class ptrs, g1 gc, windows-amd64)
# No core dump will be written. Minidumps are not enabled by default on client versions of Windows
#

---------------  S U M M A R Y ------------

Command Line: -Dcom.sun.management.jmxremote -Dcom.sun.management.jmxremote.port=52409 -Dcom.sun.management.jmxremote.authenticate=false -Dcom.sun.management.jmxremote.ssl=false -Djava.rmi.server.hostname=localhost -Dspring.jmx.enabled=true -Dspring.application.admin.enabled=true -XX:TieredStopAtLevel=1 -Dspring.boot.project.name=projetAutent3103 -Dfile.encoding=UTF-8 -XX:+ShowCodeDetailsInExceptionMessages com.auth.ProjetAutent3103Application --spring.output.ansi.enabled=always

Host: AMD Ryzen 5 3500U with Radeon Vega Mobile Gfx  , 8 cores, 9G,  Windows 10 , 64 bit Build 19041 (10.0.19041.1566)
Time: Tue Apr  5 16:18:27 2022 Paris, Madrid (heure duild 19041 (10.0.19041.1566) elapsed time: 4.654326 seconds (0d 0h 0m 4s)

---------------  T H R E A D  ---------------

Current thread (0x0000016137245be0):  VMThread "VM Thread" [stack: 0x00000004bb200000,0x00000004bb300000] [id=44044]

Stack: [0x00000004bb200000,0x00000004bb300000]
Native frames: (J=compiled Java code, j=interpreted, Vv=VM code, C=native code)
V  [jvm.dll+0x6744da]
V  [jvm.dll+0x82e144]
V  [jvm.dll+0x82f8ee]
V  [jvm.dll+0x82ff53]
V  [jvm.dll+0x245175]
V  [jvm.dll+0x6714c9]
V  [jvm.dll+0x665f92]
V  [jvm.dll+0x303c3b]
V  [jvm.dll+0x30b176]
V  [jvm.dll+0x35af1e]
V  [jvm.dll+0x35b14f]
V  [jvm.dll+0x2dab78]
V  [jvm.dll+0x2d8e2c]
V  [jvm.dll+0x2d83fc]
V  [jvm.dll+0x31c24b]
V  [jvm.dll+0x8343bb]
V  [jvm.dll+0x8350f4]
V  [jvm.dll+0x83560c]
V  [jvm.dll+0x8359e4]
V  [jvm.dll+0x835ab0]
V  [jvm.dll+0x7de51a]
V  [jvm.dll+0x673305]
C  [ucrtbase.dll+0x21bb2]
C  [KERNEL32.DLL+0x17034]
C  [ntdll.dll+0x52651]

VM_Operation (0x00000004bd2fbcd0): G1CollectForAllocation, mode: safepoint, requested by thread 0x0000016138550d60


---------------  P R O C E S S  ---------------

Threads class SMR info:
_java_thread_list=0x0000016139787cc0, length=23, elements={
0x000001612621e540, 0x000001613724bfc0, 0x000001613724f8f0, 0x000001613726eba0,
0x000001613726f460, 0x00000161372a8ba0, 0x00000161372ad8a0, 0x00000161372ae900,
0x0000016137c01c20, 0x00000161262e9f20, 0x0000016137cda6c0, 0x0000016137cdabd0,
0x0000016137deeb80, 0x0000016138304370, 0x00000161383feb20, 0x00000161383f50e0,
0x0000016138538d20, 0x00000161386da010, 0x00000161386e72d0, 0x0000016138551bd0,
0x0000016138550890, 0x0000016138551230, 0x0000016138550d60
}

Java Threads: ( => current thread )
  0x000001612621e540 JavaThread "main" [_thread_blocked, id=11836, stack(0x00000004bac00000,0x00000004bad00000)]
  0x000001613724bfc0 JavaThread "Reference Handler" daemon [_thread_blocked, id=33048, stack(0x00000004bb300000,0x00000004bb400000)]
  0x000001613724f8f0 JavaThread "Finalizer" daemon [_thread_blocked, id=41816, stack(0x00000004bb400000,0x00000004bb500000)]
  0x000001613726eba0 JavaThread "Signal Dispatcher" daemon [_thread_blocked, id=41540, stack(0x00000004bb500000,0x00000004bb600000)]
  0x000001613726f460 JavaThread "Attach Listener" daemon [_thread_blocked, id=23996, stack(0x00000004bb600000,0x00000004bb700000)]
  0x00000161372a8ba0 JavaThread "Service Thread" daemon [_thread_blocked, id=5580, stack(0x00000004bb700000,0x00000004bb800000)]
  0x00000161372ad8a0 JavaThread "Monitor Deflation Thread" daemon [_thread_blocked, id=18604, stack(0x00000004bb800000,0x00000004bb900000)]
  0x00000161372ae900 JavaThread "C1 CompilerThread0" daemon [_thread_blocked, id=38884, stack(0x00000004bb900000,0x00000004bba00000)]
  0x0000016137c01c20 JavaThread "Sweeper thread" daemon [_thread_blocked, id=44876, stack(0x00000004bba00000,0x00000004bbb00000)]
  0x00000161262e9f20 JavaThread "Common-Cleaner" daemon [_thread_blocked, id=44224, stack(0x00000004bbb00000,0x00000004bbc00000)]
  0x0000016137cda6c0 JavaThread "C1 CompilerThread1" daemon [_thread_blocked, id=26968, stack(0x00000004bbc00000,0x00000004bbd00000)]
  0x0000016137cdabd0 JavaThread "C1 CompilerThread2" daemon [_thread_blocked, id=9312, stack(0x00000004bbd00000,0x00000004bbe00000)]
  0x0000016137deeb80 JavaThread "Notification Thread" daemon [_thread_blocked, id=44884, stack(0x00000004bbe00000,0x00000004bbf00000)]
  0x0000016138304370 JavaThread "RMI TCP Accept-0" daemon [_thread_in_native, id=35700, stack(0x00000004bbf00000,0x00000004bc000000)]
  0x00000161383feb20 JavaThread "RMI TCP Accept-52409" daemon [_thread_in_native, id=19776, stack(0x00000004bc000000,0x00000004bc100000)]
  0x00000161383f50e0 JavaThread "RMI TCP Accept-0" daemon [_thread_in_native, id=41304, stack(0x00000004bc100000,0x00000004bc200000)]
  0x0000016138538d20 JavaThread "C1 CompilerThread3" daemon [_thread_blocked, id=37912, stack(0x00000004bc300000,0x00000004bc400000)]
  0x00000161386da010 JavaThread "RMI TCP Connection(1)-127.0.0.1" daemon [_thread_in_native, id=32844, stack(0x00000004bc400000,0x00000004bc500000)]
  0x00000161386e72d0 JavaThread "RMI Scheduler(0)" daemon [_thread_blocked, id=44848, stack(0x00000004bc500000,0x00000004bc600000)]
  0x0000016138551bd0 JavaThread "RMI TCP Connection(2)-127.0.0.1" daemon [_thread_in_native, id=42268, stack(0x00000004bce00000,0x00000004bcf00000)]
  0x0000016138550890 JavaThread "JMX server connection timeout 22" daemon [_thread_blocked, id=44112, stack(0x00000004bd000000,0x00000004bd100000)]
  0x0000016138551230 JavaThread "Thread-0" [_thread_blocked, id=21928, stack(0x00000004bd100000,0x00000004bd200000)]
  0x0000016138550d60 JavaThread "restartedMain" [_thread_blocked, id=6644, stack(0x00000004bd200000,0x00000004bd300000)]

Other Threads:
=>0x0000016137245be0 VMThread "VM Thread" [stack: 0x00000004bb200000,0x00000004bb300000] [id=44044]
  0x000001612626d930 WatcherThread [stack: 0x00000004bc200000,0x00000004bc300000] [id=32608]
  0x000001612625bf50 GCTaskThread "GC Thread#0" [stack: 0x00000004bad00000,0x00000004bae00000] [id=30648]
  0x00000161386e77a0 GCTaskThread "GC Thread#1" [stack: 0x00000004bc600000,0x00000004bc700000] [id=44416]
  0x0000016138705490 GCTaskThread "GC Thread#2" [stack: 0x00000004bc700000,0x00000004bc800000] [id=38800]
  0x00000161387241b0 GCTaskThread "GC Thread#3" [stack: 0x00000004bc800000,0x00000004bc900000] [id=13904]
  0x0000016138724460 GCTaskThread "GC Thread#4" [stack: 0x00000004bc900000,0x00000004bca00000] [id=4376]
  0x0000016138724710 GCTaskThread "GC Thread#5" [stack: 0x00000004bca00000,0x00000004bcb00000] [id=800]
  0x00000161387389e0 GCTaskThread "GC Thread#6" [stack: 0x00000004bcb00000,0x00000004bcc00000] [id=4092]
  0x0000016138738c90 GCTaskThread "GC Thread#7" [stack: 0x00000004bcc00000,0x00000004bcd00000] [id=14260]
  0x0000016126267350 ConcurrentGCThread "G1 Main Marker" [stack: 0x00000004bae00000,0x00000004baf00000] [id=17888]
  0x0000016126267c70 ConcurrentGCThread "G1 Conc#0" [stack: 0x00000004baf00000,0x00000004bb000000] [id=40152]
  0x000001613978e820 ConcurrentGCThread "G1 Conc#1" [stack: 0x00000004bd400000,0x00000004bd500000] [id=13560]
  0x00000161262d89d0 ConcurrentGCThread "G1 Refine#0" [stack: 0x00000004bb000000,0x00000004bb100000] [id=288]
  0x00000161386e8590 ConcurrentGCThread "G1 Refine#1" [stack: 0x00000004bcd00000,0x00000004bce00000] [id=13832]
  0x00000161386e9dc0 ConcurrentGCThread "G1 Refine#2" [stack: 0x00000004bcf00000,0x00000004bd000000] [id=11520]
  0x00000161262d9300 ConcurrentGCThread "G1 Service" [stack: 0x00000004bb100000,0x00000004bb200000] [id=43832]

Threads with active compile tasks:

VM state: at safepoint (normal execution)

VM Mutex/Monitor currently owned by a thread:  ([mutex/lock_event])
[0x0000016126219650] Threads_lock - owner thread: 0x0000016137245be0
[0x0000016126219140] Heap_lock - owner thread: 0x0000016138550d60

Heap address: 0x0000000761e00000, size: 2530 MB, Compressed Oops mode: Zero based, Oop shift amount: 3

CDS archive(s) not mapped
Compressed class space mapped at: 0x0000000800000000-0x0000000840000000, reserved size: 1073741824
Narrow klass base: 0x0000000800000000, Narrow klass shift: 0, Narrow klass range: 0x40000000

GC Precious Log:
 CPUs: 8 total, 8 available
 Memory: 10116M
 Large Page Support: Disabled
 NUMA Support: Disabled
 Compressed Oops: Enabled (Zero based)
 Heap Region Size: 2M
 Heap Min Capacity: 8M
 Heap Initial Capacity: 160M
 Heap Max Capacity: 2530M
 Pre-touch: Disabled
 Parallel Workers: 8
 Concurrent Workers: 2
 Concurrent Refinement Workers: 8
 Periodic GC: Disabled

Heap:
 garbage-first heap   total 163840K, used 16975K [0x0000000761e00000, 0x0000000800000000)
  region size 2048K, 1 young (2048K), 1 survivors (2048K)
 Metaspace       used 38311K, committed 38656K, reserved 1089536K
  class space    used 4928K, committed 5120K, reserved 1048576K

Heap Regions: E=young(eden), S=young(survivor), O=old, HS=humongous(starts), HC=humongous(continues), CS=collection set, F=free, OA=open archive, CA=closed archive, TAMS=top-at-mark-start (previous, next)
|   0|0x0000000761e00000, 0x0000000762000000, 0x0000000762000000|100%| O|  |TAMS 0x0000000762000000, 0x0000000761e00000| Untracked 
|   1|0x0000000762000000, 0x0000000762200000, 0x0000000762200000|100%| O|  |TAMS 0x0000000762200000, 0x0000000762000000| Untracked 
|   2|0x0000000762200000, 0x0000000762400000, 0x0000000762400000|100%| O|  |TAMS 0x0000000762400000, 0x0000000762200000| Untracked 
|   3|0x0000000762400000, 0x0000000762400000, 0x0000000762600000|  0%| F|  |TAMS 0x0000000762400000, 0x0000000762400000| Untracked 
|   4|0x0000000762600000, 0x0000000762800000, 0x0000000762800000|100%| O|  |TAMS 0x0000000762800000, 0x0000000762600000| Untracked 
|   5|0x0000000762800000, 0x0000000762a00000, 0x0000000762a00000|100%| O|  |TAMS 0x00000007629e1e00, 0x0000000762800000| Untracked 
|   6|0x0000000762a00000, 0x0000000762c00000, 0x0000000762c00000|100%| O|  |TAMS 0x0000000762a00000, 0x0000000762a00000| Untracked 
|   7|0x0000000762c00000, 0x0000000762e00000, 0x0000000762e00000|100%| O|  |TAMS 0x0000000762c00000, 0x0000000762c00000| Untracked 
|   8|0x0000000762e00000, 0x0000000763000000, 0x0000000763000000|100%| O|  |TAMS 0x0000000762e00000, 0x0000000762e00000| Untracked 
|   9|0x0000000763000000, 0x0000000763025400, 0x0000000763200000|  7%| O|  |TAMS 0x0000000763000000, 0x0000000763000000| Untracked 
|  10|0x0000000763200000, 0x0000000763200000, 0x0000000763400000|  0%| F|  |TAMS 0x0000000763200000, 0x0000000763200000| Untracked 
|  11|0x0000000763400000, 0x0000000763400000, 0x0000000763600000|  0%| F|  |TAMS 0x0000000763400000, 0x0000000763400000| Untracked 
|  12|0x0000000763600000, 0x0000000763600000, 0x0000000763800000|  0%| F|  |TAMS 0x0000000763600000, 0x0000000763600000| Untracked 
|  13|0x0000000763800000, 0x0000000763800000, 0x0000000763a00000|  0%| F|  |TAMS 0x0000000763800000, 0x0000000763800000| Untracked 
|  14|0x0000000763a00000, 0x0000000763a6e988, 0x0000000763c00000| 21%| S|CS|TAMS 0x0000000763a00000, 0x0000000763a00000| Complete 
|  15|0x0000000763c00000, 0x0000000763c00000, 0x0000000763e00000|  0%| F|  |TAMS 0x0000000763c00000, 0x0000000763c00000| Untracked 
|  16|0x0000000763e00000, 0x0000000763e00000, 0x0000000764000000|  0%| F|  |TAMS 0x0000000763e00000, 0x0000000763e00000| Untracked 
|  17|0x0000000764000000, 0x0000000764000000, 0x0000000764200000|  0%| F|  |TAMS 0x0000000764000000, 0x0000000764000000| Untracked 
|  18|0x0000000764200000, 0x0000000764200000, 0x0000000764400000|  0%| F|  |TAMS 0x0000000764200000, 0x0000000764200000| Untracked 
|  19|0x0000000764400000, 0x0000000764400000, 0x0000000764600000|  0%| F|  |TAMS 0x0000000764400000, 0x0000000764400000| Untracked 
|  20|0x0000000764600000, 0x0000000764600000, 0x0000000764800000|  0%| F|  |TAMS 0x0000000764600000, 0x0000000764600000| Untracked 
|  21|0x0000000764800000, 0x0000000764800000, 0x0000000764a00000|  0%| F|  |TAMS 0x0000000764800000, 0x0000000764800000| Untracked 
|  22|0x0000000764a00000, 0x0000000764a00000, 0x0000000764c00000|  0%| F|  |TAMS 0x0000000764a00000, 0x0000000764a00000| Untracked 
|  23|0x0000000764c00000, 0x0000000764c00000, 0x0000000764e00000|  0%| F|  |TAMS 0x0000000764c00000, 0x0000000764c00000| Untracked 
|  24|0x0000000764e00000, 0x0000000764e00000, 0x0000000765000000|  0%| F|  |TAMS 0x0000000764e00000, 0x0000000764e00000| Untracked 
|  25|0x0000000765000000, 0x0000000765000000, 0x0000000765200000|  0%| F|  |TAMS 0x0000000765000000, 0x0000000765000000| Untracked 
|  26|0x0000000765200000, 0x0000000765200000, 0x0000000765400000|  0%| F|  |TAMS 0x0000000765200000, 0x0000000765200000| Untracked 
|  27|0x0000000765400000, 0x0000000765400000, 0x0000000765600000|  0%| F|  |TAMS 0x0000000765400000, 0x0000000765400000| Untracked 
|  28|0x0000000765600000, 0x0000000765600000, 0x0000000765800000|  0%| F|  |TAMS 0x0000000765600000, 0x0000000765600000| Untracked 
|  29|0x0000000765800000, 0x0000000765800000, 0x0000000765a00000|  0%| F|  |TAMS 0x0000000765800000, 0x0000000765800000| Untracked 
|  30|0x0000000765a00000, 0x0000000765a00000, 0x0000000765c00000|  0%| F|  |TAMS 0x0000000765a00000, 0x0000000765a00000| Untracked 
|  31|0x0000000765c00000, 0x0000000765c00000, 0x0000000765e00000|  0%| F|  |TAMS 0x0000000765c00000, 0x0000000765c00000| Untracked 
|  32|0x0000000765e00000, 0x0000000765e00000, 0x0000000766000000|  0%| F|  |TAMS 0x0000000765e00000, 0x0000000765e00000| Untracked 
|  33|0x0000000766000000, 0x0000000766000000, 0x0000000766200000|  0%| F|  |TAMS 0x0000000766000000, 0x0000000766000000| Untracked 
|  34|0x0000000766200000, 0x0000000766200000, 0x0000000766400000|  0%| F|  |TAMS 0x0000000766200000, 0x0000000766200000| Untracked 
|  35|0x0000000766400000, 0x0000000766400000, 0x0000000766600000|  0%| F|  |TAMS 0x0000000766400000, 0x0000000766400000| Untracked 
|  36|0x0000000766600000, 0x0000000766600000, 0x0000000766800000|  0%| F|  |TAMS 0x0000000766600000, 0x0000000766600000| Untracked 
|  37|0x0000000766800000, 0x0000000766800000, 0x0000000766a00000|  0%| F|  |TAMS 0x0000000766800000, 0x0000000766800000| Untracked 
|  38|0x0000000766a00000, 0x0000000766a00000, 0x0000000766c00000|  0%| F|  |TAMS 0x0000000766a00000, 0x0000000766a00000| Untracked 
|  39|0x0000000766c00000, 0x0000000766c00000, 0x0000000766e00000|  0%| F|  |TAMS 0x0000000766c00000, 0x0000000766c00000| Untracked 
|  40|0x0000000766e00000, 0x0000000766e00000, 0x0000000767000000|  0%| F|  |TAMS 0x0000000766e00000, 0x0000000766e00000| Untracked 
|  41|0x0000000767000000, 0x0000000767000000, 0x0000000767200000|  0%| F|  |TAMS 0x0000000767000000, 0x0000000767000000| Untracked 
|  42|0x0000000767200000, 0x0000000767200000, 0x0000000767400000|  0%| F|  |TAMS 0x0000000767200000, 0x0000000767200000| Untracked 
|  43|0x0000000767400000, 0x0000000767400000, 0x0000000767600000|  0%| F|  |TAMS 0x0000000767400000, 0x0000000767400000| Untracked 
|  44|0x0000000767600000, 0x0000000767600000, 0x0000000767800000|  0%| F|  |TAMS 0x0000000767600000, 0x0000000767600000| Untracked 
|  45|0x0000000767800000, 0x0000000767800000, 0x0000000767a00000|  0%| F|  |TAMS 0x0000000767800000, 0x0000000767800000| Untracked 
|  46|0x0000000767a00000, 0x0000000767a00000, 0x0000000767c00000|  0%| F|  |TAMS 0x0000000767a00000, 0x0000000767a00000| Untracked 
|  47|0x0000000767c00000, 0x0000000767c00000, 0x0000000767e00000|  0%| F|  |TAMS 0x0000000767c00000, 0x0000000767c00000| Untracked 
|  48|0x0000000767e00000, 0x0000000767e00000, 0x0000000768000000|  0%| F|  |TAMS 0x0000000767e00000, 0x0000000767e00000| Untracked 
|  49|0x0000000768000000, 0x0000000768000000, 0x0000000768200000|  0%| F|  |TAMS 0x0000000768000000, 0x0000000768000000| Untracked 
|  50|0x0000000768200000, 0x0000000768200000, 0x0000000768400000|  0%| F|  |TAMS 0x0000000768200000, 0x0000000768200000| Untracked 
|  51|0x0000000768400000, 0x0000000768400000, 0x0000000768600000|  0%| F|  |TAMS 0x0000000768400000, 0x0000000768400000| Untracked 
|  52|0x0000000768600000, 0x0000000768600000, 0x0000000768800000|  0%| F|  |TAMS 0x0000000768600000, 0x0000000768600000| Untracked 
|  53|0x0000000768800000, 0x0000000768800000, 0x0000000768a00000|  0%| F|  |TAMS 0x0000000768800000, 0x0000000768800000| Untracked 
|  54|0x0000000768a00000, 0x0000000768a00000, 0x0000000768c00000|  0%| F|  |TAMS 0x0000000768a00000, 0x0000000768a00000| Untracked 
|  55|0x0000000768c00000, 0x0000000768c00000, 0x0000000768e00000|  0%| F|  |TAMS 0x0000000768c00000, 0x0000000768c00000| Untracked 
|  56|0x0000000768e00000, 0x0000000768e00000, 0x0000000769000000|  0%| F|  |TAMS 0x0000000768e00000, 0x0000000768e00000| Untracked 
|  57|0x0000000769000000, 0x0000000769000000, 0x0000000769200000|  0%| F|  |TAMS 0x0000000769000000, 0x0000000769000000| Untracked 
|  58|0x0000000769200000, 0x0000000769200000, 0x0000000769400000|  0%| F|  |TAMS 0x0000000769200000, 0x0000000769200000| Untracked 
|  59|0x0000000769400000, 0x0000000769400000, 0x0000000769600000|  0%| F|  |TAMS 0x0000000769400000, 0x0000000769400000| Untracked 
|  60|0x0000000769600000, 0x0000000769600000, 0x0000000769800000|  0%| F|  |TAMS 0x0000000769600000, 0x0000000769600000| Untracked 
|  61|0x0000000769800000, 0x0000000769800000, 0x0000000769a00000|  0%| F|  |TAMS 0x0000000769800000, 0x0000000769800000| Untracked 
|  62|0x0000000769a00000, 0x0000000769a00000, 0x0000000769c00000|  0%| F|  |TAMS 0x0000000769a00000, 0x0000000769a00000| Untracked 
|  63|0x0000000769c00000, 0x0000000769c00000, 0x0000000769e00000|  0%| F|  |TAMS 0x0000000769c00000, 0x0000000769c00000| Untracked 
|  64|0x0000000769e00000, 0x0000000769e00000, 0x000000076a000000|  0%| F|  |TAMS 0x0000000769e00000, 0x0000000769e00000| Untracked 
|  65|0x000000076a000000, 0x000000076a000000, 0x000000076a200000|  0%| F|  |TAMS 0x000000076a000000, 0x000000076a000000| Untracked 
|  66|0x000000076a200000, 0x000000076a200000, 0x000000076a400000|  0%| F|  |TAMS 0x000000076a200000, 0x000000076a200000| Untracked 
|  67|0x000000076a400000, 0x000000076a400000, 0x000000076a600000|  0%| F|  |TAMS 0x000000076a400000, 0x000000076a400000| Untracked 
|  68|0x000000076a600000, 0x000000076a600000, 0x000000076a800000|  0%| F|  |TAMS 0x000000076a600000, 0x000000076a600000| Untracked 
|  69|0x000000076a800000, 0x000000076a800000, 0x000000076aa00000|  0%| F|  |TAMS 0x000000076a800000, 0x000000076a800000| Untracked 
|  70|0x000000076aa00000, 0x000000076aa00000, 0x000000076ac00000|  0%| F|  |TAMS 0x000000076aa00000, 0x000000076aa00000| Untracked 
|  71|0x000000076ac00000, 0x000000076ac00000, 0x000000076ae00000|  0%| F|  |TAMS 0x000000076ac00000, 0x000000076ac00000| Untracked 
|  72|0x000000076ae00000, 0x000000076ae00000, 0x000000076b000000|  0%| F|  |TAMS 0x000000076ae00000, 0x000000076ae00000| Untracked 
|  73|0x000000076b000000, 0x000000076b000000, 0x000000076b200000|  0%| F|  |TAMS 0x000000076b000000, 0x000000076b000000| Untracked 
|  74|0x000000076b200000, 0x000000076b200000, 0x000000076b400000|  0%| F|  |TAMS 0x000000076b200000, 0x000000076b200000| Untracked 
|  75|0x000000076b400000, 0x000000076b400000, 0x000000076b600000|  0%| F|  |TAMS 0x000000076b400000, 0x000000076b400000| Untracked 
|  76|0x000000076b600000, 0x000000076b600000, 0x000000076b800000|  0%| F|  |TAMS 0x000000076b600000, 0x000000076b600000| Untracked 
|  77|0x000000076b800000, 0x000000076b800000, 0x000000076ba00000|  0%| F|  |TAMS 0x000000076b800000, 0x000000076b800000| Untracked 
|  78|0x000000076ba00000, 0x000000076ba00000, 0x000000076bc00000|  0%| F|  |TAMS 0x000000076ba00000, 0x000000076ba00000| Untracked 
|  79|0x000000076bc00000, 0x000000076bc00000, 0x000000076be00000|  0%| F|  |TAMS 0x000000076bc00000, 0x000000076bc00000| Untracked 

Card table byte_map: [0x000001612eeb0000,0x000001612f3b0000] _byte_map_base: 0x000001612b3a1000

Marking Bits (Prev, Next): (CMBitMap*) 0x000001612625c470, (CMBitMap*) 0x000001612625c4b0
 Prev Bits: [0x000001612f8b0000, 0x0000016132038000)
 Next Bits: [0x0000016132040000, 0x00000161347c8000)

Polling page: 0x00000161262f0000

Metaspace:

Usage:
  Non-class:     32.60 MB used.
      Class:      4.81 MB used.
       Both:     37.41 MB used.

Virtual space:
  Non-class space:       40.00 MB reserved,      32.75 MB ( 82%) committed,  5 nodes.
      Class space:        1.00 GB reserved,       5.00 MB ( <1%) committed,  1 nodes.
             Both:        1.04 GB reserved,      37.75 MB (  4%) committed. 

Chunk freelists:
   Non-Class:  3.14 MB
       Class:  2.95 MB
        Both:  6.09 MB

MaxMetaspaceSize: unlimited
CompressedClassSpaceSize: 1.00 GB
Initial GC threshold: 21.00 MB
Current GC threshold: 59.06 MB
CDS: off
MetaspaceReclaimPolicy: balanced
 - commit_granule_bytes: 65536.
 - commit_granule_words: 8192.
 - virtual_space_node_default_size: 1048576.
 - enlarge_chunks_in_place: 1.
 - new_chunks_are_fully_committed: 0.
 - uncommit_free_chunks: 1.
 - use_allocation_guard: 0.
 - handle_deallocations: 1.


Internal statistics:

num_allocs_failed_limit: 6.
num_arena_births: 410.
num_arena_deaths: 0.
num_vsnodes_births: 6.
num_vsnodes_deaths: 0.
num_space_committed: 604.
num_space_uncommitted: 0.
num_chunks_returned_to_freelist: 6.
num_chunks_taken_from_freelist: 1462.
num_chunk_merges: 6.
num_chunk_splits: 976.
num_chunks_enlarged: 714.
num_purges: 0.
num_inconsistent_stats: 0.

CodeCache: size=49152Kb used=8714Kb max_used=8714Kb free=40438Kb
 bounds [0x000001612b0b0000, 0x000001612b940000, 0x000001612e0b0000]
 total_blobs=4181 nmethods=3687 adapters=418
 compilation: enabled
              stopped_count=0, restarted_count=0
 full_count=0

Compilation events (20 events):
Event: 4.538 Thread 0x00000161372ae900 3677       1       sun.nio.fs.WindowsPath::toWindowsPath (32 bytes)
Event: 4.538 Thread 0x00000161372ae900 nmethod 3677 0x000001612b92ea10 code [0x000001612b92ebc0, 0x000001612b92edf8]
Event: 4.540 Thread 0x00000161372ae900 3678       1       jdk.internal.loader.URLClassPath$1::hasMoreElements (5 bytes)
Event: 4.540 Thread 0x0000016137cda6c0 3680       1       sun.nio.fs.WindowsNativeDispatcher::asNativeBuffer (103 bytes)
Event: 4.540 Thread 0x0000016137cdabd0 3679   !   1       sun.nio.fs.WindowsPath::getPathForWin32Calls (135 bytes)
Event: 4.540 Thread 0x0000016138538d20 3681       1       jdk.internal.misc.Unsafe::putChar (8 bytes)
Event: 4.540 Thread 0x00000161372ae900 nmethod 3678 0x000001612b92f310 code [0x000001612b92f4a0, 0x000001612b92f588]
Event: 4.540 Thread 0x0000016138538d20 nmethod 3681 0x000001612b92f610 code [0x000001612b92f7a0, 0x000001612b92f878]
Event: 4.540 Thread 0x0000016137cdabd0 nmethod 3679 0x000001612b92f910 code [0x000001612b92fb40, 0x000001612b930228]
Event: 4.541 Thread 0x0000016137cda6c0 nmethod 3680 0x000001612b930590 code [0x000001612b9307e0, 0x000001612b931018]
Event: 4.577 Thread 0x0000016137cdabd0 3683       1       java.nio.CharBuffer::<init> (24 bytes)
Event: 4.577 Thread 0x0000016137cda6c0 3684       1       java.nio.CharBuffer::limit (6 bytes)
Event: 4.577 Thread 0x00000161372ae900 3685       1       java.nio.CharBuffer::limit (8 bytes)
Event: 4.577 Thread 0x0000016138538d20 3686       1       java.util.ResourceBundle$CacheKey::getLocale (5 bytes)
Event: 4.577 Thread 0x0000016137cda6c0 nmethod 3684 0x000001612b931890 code [0x000001612b931a20, 0x000001612b931b08]
Event: 4.577 Thread 0x00000161372ae900 nmethod 3685 0x000001612b931b90 code [0x000001612b931d20, 0x000001612b931e08]
Event: 4.577 Thread 0x0000016138538d20 nmethod 3686 0x000001612b931e90 code [0x000001612b932020, 0x000001612b9320f8]
Event: 4.577 Thread 0x0000016137cdabd0 nmethod 3683 0x000001612b932190 code [0x000001612b932320, 0x000001612b932488]
Event: 4.579 Thread 0x0000016138538d20 3687       1       java.util.logging.LogManager$LoggerContext::getGlobalLogger (6 bytes)
Event: 4.579 Thread 0x0000016138538d20 nmethod 3687 0x000001612b932510 code [0x000001612b9326a0, 0x000001612b932778]

GC Heap History (20 events):
Event: 2.321 GC heap after
{Heap after GC invocations=5 (full 0):
 garbage-first heap   total 40960K, used 10533K [0x0000000761e00000, 0x0000000800000000)
  region size 2048K, 2 young (4096K), 2 survivors (4096K)
 Metaspace       used 24988K, committed 25280K, reserved 1073152K
  class space    used 3083K, committed 3200K, reserved 1048576K
}
Event: 2.350 GC heap before
{Heap before GC invocations=5 (full 0):
 garbage-first heap   total 40960K, used 10533K [0x0000000761e00000, 0x0000000800000000)
  region size 2048K, 3 young (6144K), 2 survivors (4096K)
 Metaspace       used 25322K, committed 25536K, reserved 1073152K
  class space    used 3119K, committed 3200K, reserved 1048576K
}
Event: 2.356 GC heap after
{Heap after GC invocations=6 (full 0):
 garbage-first heap   total 40960K, used 10662K [0x0000000761e00000, 0x0000000800000000)
  region size 2048K, 1 young (2048K), 1 survivors (2048K)
 Metaspace       used 25322K, committed 25536K, reserved 1073152K
  class space    used 3119K, committed 3200K, reserved 1048576K
}
Event: 2.425 GC heap before
{Heap before GC invocations=6 (full 0):
 garbage-first heap   total 40960K, used 24998K [0x0000000761e00000, 0x0000000800000000)
  region size 2048K, 9 young (18432K), 1 survivors (2048K)
 Metaspace       used 26156K, committed 26432K, reserved 1073152K
  class space    used 3210K, committed 3328K, reserved 1048576K
}
Event: 2.426 GC heap after
{Heap after GC invocations=7 (full 0):
 garbage-first heap   total 40960K, used 10690K [0x0000000761e00000, 0x0000000800000000)
  region size 2048K, 1 young (2048K), 1 survivors (2048K)
 Metaspace       used 26156K, committed 26432K, reserved 1073152K
  class space    used 3210K, committed 3328K, reserved 1048576K
}
Event: 2.430 GC heap before
{Heap before GC invocations=7 (full 0):
 garbage-first heap   total 40960K, used 25026K [0x0000000761e00000, 0x0000000800000000)
  region size 2048K, 9 young (18432K), 1 survivors (2048K)
 Metaspace       used 26178K, committed 26432K, reserved 1073152K
  class space    used 3211K, committed 3328K, reserved 1048576K
}
Event: 2.432 GC heap after
{Heap after GC invocations=8 (full 0):
 garbage-first heap   total 65536K, used 10677K [0x0000000761e00000, 0x0000000800000000)
  region size 2048K, 1 young (2048K), 1 survivors (2048K)
 Metaspace       used 26178K, committed 26432K, reserved 1073152K
  class space    used 3211K, committed 3328K, reserved 1048576K
}
Event: 2.927 GC heap before
{Heap before GC invocations=8 (full 0):
 garbage-first heap   total 65536K, used 43445K [0x0000000761e00000, 0x0000000800000000)
  region size 2048K, 18 young (36864K), 1 survivors (2048K)
 Metaspace       used 30194K, committed 30528K, reserved 1081344K
  class space    used 3721K, committed 3904K, reserved 1048576K
}
Event: 2.929 GC heap after
{Heap after GC invocations=9 (full 0):
 garbage-first heap   total 65536K, used 11986K [0x0000000761e00000, 0x0000000800000000)
  region size 2048K, 1 young (2048K), 1 survivors (2048K)
 Metaspace       used 30194K, committed 30528K, reserved 1081344K
  class space    used 3721K, committed 3904K, reserved 1048576K
}
Event: 3.958 GC heap before
{Heap before GC invocations=9 (full 0):
 garbage-first heap   total 65536K, used 48850K [0x0000000761e00000, 0x0000000800000000)
  region size 2048K, 19 young (38912K), 1 survivors (2048K)
 Metaspace       used 34600K, committed 34944K, reserved 1081344K
  class space    used 4399K, committed 4608K, reserved 1048576K
}
Event: 3.962 GC heap after
{Heap after GC invocations=10 (full 0):
 garbage-first heap   total 65536K, used 14305K [0x0000000761e00000, 0x0000000800000000)
  region size 2048K, 3 young (6144K), 3 survivors (6144K)
 Metaspace       used 34600K, committed 34944K, reserved 1081344K
  class space    used 4399K, committed 4608K, reserved 1048576K
}
Event: 4.144 GC heap before
{Heap before GC invocations=10 (full 0):
 garbage-first heap   total 65536K, used 20449K [0x0000000761e00000, 0x0000000800000000)
  region size 2048K, 7 young (14336K), 3 survivors (6144K)
 Metaspace       used 35779K, committed 36160K, reserved 1081344K
  class space    used 4585K, committed 4800K, reserved 1048576K
}
Event: 4.149 GC heap after
{Heap after GC invocations=11 (full 0):
 garbage-first heap   total 65536K, used 15344K [0x0000000761e00000, 0x0000000800000000)
  region size 2048K, 2 young (4096K), 2 survivors (4096K)
 Metaspace       used 35779K, committed 36160K, reserved 1081344K
  class space    used 4585K, committed 4800K, reserved 1048576K
}
Event: 4.508 GC heap before
{Heap before GC invocations=12 (full 0):
 garbage-first heap   total 61440K, used 46064K [0x0000000761e00000, 0x0000000800000000)
  region size 2048K, 18 young (36864K), 2 survivors (4096K)
 Metaspace       used 37866K, committed 38272K, reserved 1089536K
  class space    used 4886K, committed 5056K, reserved 1048576K
}
Event: 4.513 GC heap after
{Heap after GC invocations=13 (full 0):
 garbage-first heap   total 61440K, used 17029K [0x0000000761e00000, 0x0000000800000000)
  region size 2048K, 2 young (4096K), 2 survivors (4096K)
 Metaspace       used 37866K, committed 38272K, reserved 1089536K
  class space    used 4886K, committed 5056K, reserved 1048576K
}
Event: 4.513 GC heap before
{Heap before GC invocations=13 (full 0):
 garbage-first heap   total 61440K, used 17029K [0x0000000761e00000, 0x0000000800000000)
  region size 2048K, 3 young (6144K), 2 survivors (4096K)
 Metaspace       used 37866K, committed 38272K, reserved 1089536K
  class space    used 4886K, committed 5056K, reserved 1048576K
}
Event: 4.517 GC heap after
{Heap after GC invocations=14 (full 0):
 garbage-first heap   total 61440K, used 16586K [0x0000000761e00000, 0x0000000800000000)
  region size 2048K, 1 young (2048K), 1 survivors (2048K)
 Metaspace       used 37866K, committed 38272K, reserved 1089536K
  class space    used 4886K, committed 5056K, reserved 1048576K
}
Event: 4.597 GC heap before
{Heap before GC invocations=14 (full 0):
 garbage-first heap   total 61440K, used 41162K [0x0000000761e00000, 0x0000000800000000)
  region size 2048K, 14 young (28672K), 1 survivors (2048K)
 Metaspace       used 38311K, committed 38656K, reserved 1089536K
  class space    used 4928K, committed 5120K, reserved 1048576K
}
Event: 4.599 GC heap after
{Heap after GC invocations=15 (full 0):
 garbage-first heap   total 61440K, used 16972K [0x0000000761e00000, 0x0000000800000000)
  region size 2048K, 1 young (2048K), 1 survivors (2048K)
 Metaspace       used 38311K, committed 38656K, reserved 1089536K
  class space    used 4928K, committed 5120K, reserved 1048576K
}
Event: 4.604 GC heap before
{Heap before GC invocations=15 (full 0):
 garbage-first heap   total 61440K, used 43596K [0x0000000761e00000, 0x0000000800000000)
  region size 2048K, 15 young (30720K), 1 survivors (2048K)
 Metaspace       used 38311K, committed 38656K, reserved 1089536K
  class space    used 4928K, committed 5120K, reserved 1048576K
}

Deoptimization events (12 events):
Event: 1.163 Thread 0x000001612621e540 DEOPT PACKING pc=0x000001612b36d381 sp=0x00000004bacfd600
Event: 1.163 Thread 0x000001612621e540 DEOPT UNPACKING pc=0x000001612b102b43 sp=0x00000004bacfca58 mode 3
Event: 1.908 Thread 0x0000016138551700 DEOPT PACKING pc=0x000001612b6581d5 sp=0x00000004bd3fbcc0
Event: 1.908 Thread 0x0000016138551700 DEOPT UNPACKING pc=0x000001612b102b43 sp=0x00000004bd3fb220 mode 3
Event: 1.968 Thread 0x0000016138550d60 DEOPT PACKING pc=0x000001612b6729f9 sp=0x00000004bd2fc740
Event: 1.968 Thread 0x0000016138550d60 DEOPT UNPACKING pc=0x000001612b102b43 sp=0x00000004bd2fbc20 mode 3
Event: 3.393 Thread 0x0000016138550d60 DEOPT PACKING pc=0x000001612b6abad4 sp=0x00000004bd2fcb80
Event: 3.393 Thread 0x0000016138550d60 DEOPT UNPACKING pc=0x000001612b102b43 sp=0x00000004bd2fc0d8 mode 0
Event: 3.723 Thread 0x0000016138550d60 DEOPT PACKING pc=0x000001612b881e01 sp=0x00000004bd2fbf60
Event: 3.723 Thread 0x0000016138550d60 DEOPT UNPACKING pc=0x000001612b102b43 sp=0x00000004bd2fb3d0 mode 3
Event: 4.429 Thread 0x0000016138550d60 DEOPT PACKING pc=0x000001612b915f25 sp=0x00000004bd2fc680
Event: 4.429 Thread 0x0000016138550d60 DEOPT UNPACKING pc=0x000001612b102b43 sp=0x00000004bd2fbbe8 mode 3

Classes unloaded (0 events):
No events

Classes redefined (0 events):
No events

Internal exceptions (20 events):
Event: 3.988 Thread 0x0000016138550d60 Exception <a 'java/lang/ClassNotFoundException'{0x000000076bcfce40}: org/springframework/core/OrderedCustomizer> (0x000000076bcfce40) 
thrown [e:\jenkins\tmp\workspace\build\src\src\hotspot\share\classfile\systemDictionary.cpp, line 256]
Event: 3.988 Thread 0x0000016138550d60 Exception <a 'java/lang/ClassNotFoundException'{0x000000076bd03280}: org/springframework/beans/factory/BeanClassLoaderAwareCustomizer> (0x000000076bd03280) 
thrown [e:\jenkins\tmp\workspace\build\src\src\hotspot\share\classfile\systemDictionary.cpp, line 256]
Event: 3.989 Thread 0x0000016138550d60 Exception <a 'java/lang/ClassNotFoundException'{0x000000076bd09578}: org/springframework/beans/factory/AwareCustomizer> (0x000000076bd09578) 
thrown [e:\jenkins\tmp\workspace\build\src\src\hotspot\share\classfile\systemDictionary.cpp, line 256]
Event: 3.989 Thread 0x0000016138550d60 Exception <a 'java/lang/ClassNotFoundException'{0x000000076bd27160}: org/springframework/aop/framework/AopInfrastructureBeanCustomizer> (0x000000076bd27160) 
thrown [e:\jenkins\tmp\workspace\build\src\src\hotspot\share\classfile\systemDictionary.cpp, line 256]
Event: 4.014 Thread 0x0000016138550d60 Exception <a 'java/lang/ClassNotFoundException'{0x000000076bdfba60}: java/lang/ObjectCustomizer> (0x000000076bdfba60) 
thrown [e:\jenkins\tmp\workspace\build\src\src\hotspot\share\classfile\systemDictionary.cpp, line 256]
Event: 4.015 Thread 0x0000016138550d60 Exception <a 'java/lang/ClassNotFoundException'{0x0000000768805cb0}: org/springframework/transaction/annotation/AbstractTransactionManagementConfigurationCustomizer> (0x0000000768805cb0) 
thrown [e:\jenkins\tmp\workspace\build\src\src\hotspot\share\classfile\systemDictionary.cpp, line 256]
Event: 4.016 Thread 0x0000016138550d60 Exception <a 'java/lang/ClassNotFoundException'{0x000000076880eaa0}: org/springframework/transaction/annotation/ProxyTransactionManagementConfigurationCustomizer> (0x000000076880eaa0) 
thrown [e:\jenkins\tmp\workspace\build\src\src\hotspot\share\classfile\systemDictionary.cpp, line 256]
Event: 4.017 Thread 0x0000016138550d60 Exception <a 'java/lang/ClassNotFoundException'{0x00000007688189e0}: org/springframework/context/annotation/ImportAwareCustomizer> (0x00000007688189e0) 
thrown [e:\jenkins\tmp\workspace\build\src\src\hotspot\share\classfile\systemDictionary.cpp, line 256]
Event: 4.018 Thread 0x0000016138550d60 Exception <a 'java/lang/ClassNotFoundException'{0x000000076881f910}: org/springframework/beans/factory/AwareCustomizer> (0x000000076881f910) 
thrown [e:\jenkins\tmp\workspace\build\src\src\hotspot\share\classfile\systemDictionary.cpp, line 256]
Event: 4.064 Thread 0x0000016138550d60 Exception <a 'java/lang/NoSuchMethodError'{0x00000007689bc5e8}: 'java.lang.Object java.lang.invoke.DirectMethodHandle$Holder.invokeSpecialIFC(java.lang.Object, java.lang.Object, java.lang.Object)'> (0x00000007689bc5e8) 
thrown [e:\jenkins\tmp\workspace\build\src\src\hotspot\share\interpreter\linkResolver.cpp, line 766]
Event: 4.151 Thread 0x0000016138550d60 Exception <a 'java/lang/NoSuchMethodError'{0x000000076bc04338}: 'java.lang.Object java.lang.invoke.DirectMethodHandle$Holder.invokeStatic(java.lang.Object, java.lang.Object, int)'> (0x000000076bc04338) 
thrown [e:\jenkins\tmp\workspace\build\src\src\hotspot\share\interpreter\linkResolver.cpp, line 766]
Event: 4.152 Thread 0x0000016138550d60 Exception <a 'java/lang/NoSuchMethodError'{0x000000076bc0ff80}: 'void java.lang.invoke.DelegatingMethodHandle$Holder.delegate(java.lang.Object, java.lang.Object, int, java.lang.Object)'> (0x000000076bc0ff80) 
thrown [e:\jenkins\tmp\workspace\build\src\src\hotspot\share\interpreter\linkResolver.cpp, line 766]
Event: 4.202 Thread 0x0000016138550d60 Exception <a 'java/lang/NoSuchMethodError'{0x000000076bdc3c18}: 'void java.lang.invoke.DirectMethodHandle$Holder.invokeInterface(java.lang.Object, java.lang.Object, int)'> (0x000000076bdc3c18) 
thrown [e:\jenkins\tmp\workspace\build\src\src\hotspot\share\interpreter\linkResolver.cpp, line 766]
Event: 4.209 Thread 0x0000016138550d60 Exception <a 'java/lang/IncompatibleClassChangeError'{0x0000000765613808}: Found class java.lang.Object, but interface was expected> (0x0000000765613808) 
thrown [e:\jenkins\tmp\workspace\build\src\src\hotspot\share\interpreter\linkResolver.cpp, line 833]
Event: 4.209 Thread 0x0000016138550d60 Exception <a 'java/lang/NoSuchMethodError'{0x0000000765618990}: 'void java.lang.invoke.DirectMethodHandle$Holder.invokeStatic(java.lang.Object, int, java.lang.Object)'> (0x0000000765618990) 
thrown [e:\jenkins\tmp\workspace\build\src\src\hotspot\share\interpreter\linkResolver.cpp, line 766]
Event: 4.214 Thread 0x0000016138550d60 Exception <a 'java/lang/NoSuchMethodError'{0x0000000765647ff8}: 'int java.lang.invoke.DirectMethodHandle$Holder.invokeSpecial(java.lang.Object, java.lang.Object, int)'> (0x0000000765647ff8) 
thrown [e:\jenkins\tmp\workspace\build\src\src\hotspot\share\interpreter\linkResolver.cpp, line 766]
Event: 4.377 Thread 0x0000016138551bd0 Exception <a 'java/lang/reflect/InvocationTargetException'{0x0000000764f7e1b0}> (0x0000000764f7e1b0) 
thrown [e:\jenkins\tmp\workspace\build\src\src\hotspot\share\runtime\reflection.cpp, line 1121]
Event: 4.541 Thread 0x0000016138550d60 Exception <a 'sun/nio/fs/WindowsException'{0x00000007642199f8}> (0x00000007642199f8) 
thrown [e:\jenkins\tmp\workspace\build\src\src\hotspot\share\prims\jni.cpp, line 516]
Event: 4.542 Thread 0x0000016138550d60 Exception <a 'sun/nio/fs/WindowsException'{0x000000076421f620}> (0x000000076421f620) 
thrown [e:\jenkins\tmp\workspace\build\src\src\hotspot\share\prims\jni.cpp, line 516]
Event: 4.543 Thread 0x0000016138550d60 Exception <a 'sun/nio/fs/WindowsException'{0x000000076421fcf8}> (0x000000076421fcf8) 
thrown [e:\jenkins\tmp\workspace\build\src\src\hotspot\share\prims\jni.cpp, line 516]

VM Operations (20 events):
Event: 3.962 Executing VM operation: G1CollectForAllocation done
Event: 4.049 Executing VM operation: HandshakeAllThreads
Event: 4.049 Executing VM operation: HandshakeAllThreads done
Event: 4.144 Executing VM operation: CollectForMetadataAllocation
Event: 4.149 Executing VM operation: CollectForMetadataAllocation done
Event: 4.160 Executing VM operation: G1Concurrent
Event: 4.162 Executing VM operation: G1Concurrent done
Event: 4.169 Executing VM operation: G1Concurrent
Event: 4.169 Executing VM operation: G1Concurrent done
Event: 4.476 Executing VM operation: HandshakeAllThreads
Event: 4.476 Executing VM operation: HandshakeAllThreads done
Event: 4.508 Executing VM operation: G1CollectForAllocation
Event: 4.513 Executing VM operation: G1CollectForAllocation done
Event: 4.513 Executing VM operation: G1CollectForAllocation
Event: 4.517 Executing VM operation: G1CollectForAllocation done
Event: 4.580 Executing VM operation: HandshakeAllThreads
Event: 4.580 Executing VM operation: HandshakeAllThreads done
Event: 4.597 Executing VM operation: G1CollectForAllocation
Event: 4.599 Executing VM operation: G1CollectForAllocation done
Event: 4.604 Executing VM operation: G1CollectForAllocation

Events (20 events):
Event: 4.498 loading class com/sun/security/sasl/Provider$1
Event: 4.498 loading class com/sun/security/sasl/Provider$1 done
Event: 4.498 loading class com/sun/security/sasl/Provider$ProviderService
Event: 4.498 loading class com/sun/security/sasl/Provider$ProviderService done
Event: 4.498 loading class sun/security/provider/certpath/ldap/JdkLDAP
Event: 4.498 loading class sun/security/provider/certpath/ldap/JdkLDAP done
Event: 4.498 loading class sun/security/provider/certpath/ldap/JdkLDAP$ProviderService
Event: 4.499 loading class sun/security/provider/certpath/ldap/JdkLDAP$ProviderService done
Event: 4.541 loading class java/nio/file/AccessMode
Event: 4.541 loading class java/nio/file/AccessMode done
Event: 4.559 loading class java/util/logging/LogRecord
Event: 4.560 loading class java/util/logging/LogRecord done
Event: 4.590 loading class java/util/jar/JarInputStream
Event: 4.591 loading class java/util/zip/ZipInputStream
Event: 4.591 loading class java/util/zip/ZipInputStream done
Event: 4.591 loading class java/util/jar/JarInputStream done
Event: 4.591 loading class java/io/PushbackInputStream
Event: 4.591 loading class java/io/PushbackInputStream done
Event: 4.591 loading class sun/security/util/ManifestEntryVerifier
Event: 4.592 loading class sun/security/util/ManifestEntryVerifier done


Dynamic libraries:
0x00007ff7a9130000 - 0x00007ff7a913e000 	C:\Users\yousf\Downloads\sts-4.13.1.RELEASE\plugins\org.eclipse.justj.openjdk.hotspot.jre.full.win32.x86_64_17.0.1.v20211116-1657\jre\bin\javaw.exe
0x00007ffa018d0000 - 0x00007ffa01ac5000 	C:\Windows\SYSTEM32\ntdll.dll
0x00007ffa00ee0000 - 0x00007ffa00f9e000 	C:\Windows\System32\KERNEL32.DLL
0x00007ff9ff340000 - 0x00007ff9ff608000 	C:\Windows\System32\KERNELBASE.dll
0x00007ff9ff190000 - 0x00007ff9ff290000 	C:\Windows\System32\ucrtbase.dll
0x00007ff9e4800000 - 0x00007ff9e4819000 	C:\Users\yousf\Downloads\sts-4.13.1.RELEASE\plugins\org.eclipse.justj.openjdk.hotspot.jre.full.win32.x86_64_17.0.1.v20211116-1657\jre\bin\VCRUNTIME140.dll
0x00007ff9e44e0000 - 0x00007ff9e44f8000 	C:\Users\yousf\Downloads\sts-4.13.1.RELEASE\plugins\org.eclipse.justj.openjdk.hotspot.jre.full.win32.x86_64_17.0.1.v20211116-1657\jre\bin\jli.dll
0x00007ffa00970000 - 0x00007ffa00b10000 	C:\Windows\System32\USER32.dll
0x00007ff9ea5a0000 - 0x00007ff9ea83a000 	C:\Windows\WinSxS\amd64_microsoft.windows.common-controls_6595b64144ccf1df_6.0.19041.1110_none_60b5254171f9507e\COMCTL32.dll
0x00007ff9ff880000 - 0x00007ff9ff8a2000 	C:\Windows\System32\win32u.dll
0x00007ffa00c40000 - 0x00007ffa00cde000 	C:\Windows\System32\msvcrt.dll
0x00007ffa00d70000 - 0x00007ffa00d9b000 	C:\Windows\System32\GDI32.dll
0x00007ff9ff770000 - 0x00007ff9ff87b000 	C:\Windows\System32\gdi32full.dll
0x00007ff9ff060000 - 0x00007ff9ff0fd000 	C:\Windows\System32\msvcp_win.dll
0x00007ffa00940000 - 0x00007ffa00970000 	C:\Windows\System32\IMM32.DLL
0x00007ff9fa7e0000 - 0x00007ff9fa7ec000 	C:\Users\yousf\Downloads\sts-4.13.1.RELEASE\plugins\org.eclipse.justj.openjdk.hotspot.jre.full.win32.x86_64_17.0.1.v20211116-1657\jre\bin\vcruntime140_1.dll
0x00007ff9e3930000 - 0x00007ff9e39c1000 	C:\Users\yousf\Downloads\sts-4.13.1.RELEASE\plugins\org.eclipse.justj.openjdk.hotspot.jre.full.win32.x86_64_17.0.1.v20211116-1657\jre\bin\msvcp140.dll
0x00007ff97e680000 - 0x00007ff97f2c6000 	C:\Users\yousf\Downloads\sts-4.13.1.RELEASE\plugins\org.eclipse.justj.openjdk.hotspot.jre.full.win32.x86_64_17.0.1.v20211116-1657\jre\bin\server\jvm.dll
0x00007ff9ffe00000 - 0x00007ff9ffeae000 	C:\Windows\System32\ADVAPI32.dll
0x00007ffa01780000 - 0x00007ffa0181c000 	C:\Windows\System32\sechost.dll
0x00007ffa01090000 - 0x00007ffa011b5000 	C:\Windows\System32\RPCRT4.dll
0x00007ffa01080000 - 0x00007ffa01088000 	C:\Windows\System32\PSAPI.DLL
0x00007ff9f6760000 - 0x00007ff9f676a000 	C:\Windows\SYSTEM32\VERSION.dll
0x00007ff9fa6c0000 - 0x00007ff9fa6c9000 	C:\Windows\SYSTEM32\WSOCK32.dll
0x00007ff9f6770000 - 0x00007ff9f6797000 	C:\Windows\SYSTEM32\WINMM.dll
0x00007ffa01820000 - 0x00007ffa0188b000 	C:\Windows\System32\WS2_32.dll
0x00007ff9fd890000 - 0x00007ff9fd8a2000 	C:\Windows\SYSTEM32\kernel.appcore.dll
0x00007ff9fa6b0000 - 0x00007ff9fa6ba000 	C:\Users\yousf\Downloads\sts-4.13.1.RELEASE\plugins\org.eclipse.justj.openjdk.hotspot.jre.full.win32.x86_64_17.0.1.v20211116-1657\jre\bin\jimage.dll
0x00007ff9fd680000 - 0x00007ff9fd864000 	C:\Windows\SYSTEM32\DBGHELP.DLL
0x00007ff9f05b0000 - 0x00007ff9f05dc000 	C:\Windows\SYSTEM32\dbgcore.DLL
0x00007ff9ff100000 - 0x00007ff9ff182000 	C:\Windows\System32\bcryptPrimitives.dll
0x00007ff9f0540000 - 0x00007ff9f0565000 	C:\Users\yousf\Downloads\sts-4.13.1.RELEASE\plugins\org.eclipse.justj.openjdk.hotspot.jre.full.win32.x86_64_17.0.1.v20211116-1657\jre\bin\java.dll
0x00007ff9ea070000 - 0x00007ff9ea088000 	C:\Users\yousf\Downloads\sts-4.13.1.RELEASE\plugins\org.eclipse.justj.openjdk.hotspot.jre.full.win32.x86_64_17.0.1.v20211116-1657\jre\bin\zip.dll
0x00007ffa001f0000 - 0x00007ffa00934000 	C:\Windows\System32\SHELL32.dll
0x00007ff9fcda0000 - 0x00007ff9fd534000 	C:\Windows\SYSTEM32\windows.storage.dll
0x00007ffa01240000 - 0x00007ffa01594000 	C:\Windows\System32\combase.dll
0x00007ff9fe980000 - 0x00007ff9fe9ac000 	C:\Windows\SYSTEM32\Wldp.dll
0x00007ffa016d0000 - 0x00007ffa0177d000 	C:\Windows\System32\SHCORE.dll
0x00007ffa00e80000 - 0x00007ffa00ed5000 	C:\Windows\System32\shlwapi.dll
0x00007ff9fef30000 - 0x00007ff9fef4f000 	C:\Windows\SYSTEM32\profapi.dll
0x00007ff9e4750000 - 0x00007ff9e4769000 	C:\Users\yousf\Downloads\sts-4.13.1.RELEASE\plugins\org.eclipse.justj.openjdk.hotspot.jre.full.win32.x86_64_17.0.1.v20211116-1657\jre\bin\net.dll
0x00007ff9f4710000 - 0x00007ff9f4819000 	C:\Windows\SYSTEM32\WINHTTP.dll
0x00007ff9fe6e0000 - 0x00007ff9fe74a000 	C:\Windows\system32\mswsock.dll
0x00007ff9e3ec0000 - 0x00007ff9e3ed5000 	C:\Users\yousf\Downloads\sts-4.13.1.RELEASE\plugins\org.eclipse.justj.openjdk.hotspot.jre.full.win32.x86_64_17.0.1.v20211116-1657\jre\bin\nio.dll
0x00007ff9e8bc0000 - 0x00007ff9e8bc9000 	C:\Users\yousf\Downloads\sts-4.13.1.RELEASE\plugins\org.eclipse.justj.openjdk.hotspot.jre.full.win32.x86_64_17.0.1.v20211116-1657\jre\bin\management.dll
0x00007ff9e4930000 - 0x00007ff9e493b000 	C:\Users\yousf\Downloads\sts-4.13.1.RELEASE\plugins\org.eclipse.justj.openjdk.hotspot.jre.full.win32.x86_64_17.0.1.v20211116-1657\jre\bin\management_ext.dll
0x00007ff9e9ff0000 - 0x00007ff9ea007000 	C:\Windows\system32\napinsp.dll
0x00007ff9e91b0000 - 0x00007ff9e91cb000 	C:\Windows\system32\pnrpnsp.dll
0x00007ff9f9a50000 - 0x00007ff9f9a65000 	C:\Windows\system32\wshbth.dll
0x00007ff9fa690000 - 0x00007ff9fa6ad000 	C:\Windows\system32\NLAapi.dll
0x00007ff9fe3d0000 - 0x00007ff9fe40b000 	C:\Windows\SYSTEM32\IPHLPAPI.DLL
0x00007ff9fe410000 - 0x00007ff9fe4da000 	C:\Windows\SYSTEM32\DNSAPI.dll
0x00007ffa00c30000 - 0x00007ffa00c38000 	C:\Windows\System32\NSI.dll
0x00007ff9e9190000 - 0x00007ff9e91a2000 	C:\Windows\System32\winrnr.dll
0x00007ff9f4430000 - 0x00007ff9f443a000 	C:\Windows\System32\rasadhlp.dll
0x00007ff9f4330000 - 0x00007ff9f43af000 	C:\Windows\System32\fwpuclnt.dll
0x00007ff9ff900000 - 0x00007ff9ff927000 	C:\Windows\System32\bcrypt.dll
0x00007ff9fe8d0000 - 0x00007ff9fe8e8000 	C:\Windows\SYSTEM32\CRYPTSP.dll
0x00007ff9fe060000 - 0x00007ff9fe094000 	C:\Windows\system32\rsaenh.dll
0x00007ff9feeb0000 - 0x00007ff9feede000 	C:\Windows\SYSTEM32\USERENV.dll
0x00007ff9fe8f0000 - 0x00007ff9fe8fc000 	C:\Windows\SYSTEM32\CRYPTBASE.dll
0x00007ff9f2cf0000 - 0x00007ff9f2d07000 	C:\Windows\SYSTEM32\dhcpcsvc6.DLL
0x00007ff9f2cd0000 - 0x00007ff9f2ced000 	C:\Windows\SYSTEM32\dhcpcsvc.DLL
0x00007ff9f7d20000 - 0x00007ff9f7d30000 	C:\Users\yousf\Downloads\sts-4.13.1.RELEASE\plugins\org.eclipse.justj.openjdk.hotspot.jre.full.win32.x86_64_17.0.1.v20211116-1657\jre\bin\verify.dll
0x00007ff9eb6a0000 - 0x00007ff9eb6ae000 	C:\Users\yousf\Downloads\sts-4.13.1.RELEASE\plugins\org.eclipse.justj.openjdk.hotspot.jre.full.win32.x86_64_17.0.1.v20211116-1657\jre\bin\sunmscapi.dll
0x00007ff9ff610000 - 0x00007ff9ff766000 	C:\Windows\System32\CRYPT32.dll
0x00007ff9fe9f0000 - 0x00007ff9fea17000 	C:\Windows\SYSTEM32\ncrypt.dll
0x00007ff9fe9b0000 - 0x00007ff9fe9eb000 	C:\Windows\SYSTEM32\NTASN1.dll

dbghelp: loaded successfully - version: 4.0.5 - missing functions: none
symbol engine: initialized successfully - sym options: 0x614 - pdb path: .;C:\Users\yousf\Downloads\sts-4.13.1.RELEASE\plugins\org.eclipse.justj.openjdk.hotspot.jre.full.win32.x86_64_17.0.1.v20211116-1657\jre\bin;C:\Windows\SYSTEM32;C:\Windows\WinSxS\amd64_microsoft.windows.common-controls_6595b64144ccf1df_6.0.19041.1110_none_60b5254171f9507e;C:\Users\yousf\Downloads\sts-4.13.1.RELEASE\plugins\org.eclipse.justj.openjdk.hotspot.jre.full.win32.x86_64_17.0.1.v20211116-1657\jre\bin\server

VM Arguments:
jvm_args: -Dcom.sun.management.jmxremote -Dcom.sun.management.jmxremote.port=52409 -Dcom.sun.management.jmxremote.authenticate=false -Dcom.sun.management.jmxremote.ssl=false -Djava.rmi.server.hostname=localhost -Dspring.jmx.enabled=true -Dspring.application.admin.enabled=true -XX:TieredStopAtLevel=1 -Dspring.boot.project.name=projetAutent3103 -Dfile.encoding=UTF-8 -XX:+ShowCodeDetailsInExceptionMessages 
java_command: com.auth.ProjetAutent3103Application --spring.output.ansi.enabled=always
java_class_path (initial): C:\Users\yousf\Desktop\newWorkSpace\projetAutent3103\target\classes;C:\Users\yousf\.m2\repository\org\springframework\boot\spring-boot-starter-data-jpa\2.6.5\spring-boot-starter-data-jpa-2.6.5.jar;C:\Users\yousf\.m2\repository\org\springframework\boot\spring-boot-starter-aop\2.6.5\spring-boot-starter-aop-2.6.5.jar;C:\Users\yousf\.m2\repository\org\aspectj\aspectjweaver\1.9.7\aspectjweaver-1.9.7.jar;C:\Users\yousf\.m2\repository\org\springframework\boot\spring-boot-starter-jdbc\2.6.5\spring-boot-starter-jdbc-2.6.5.jar;C:\Users\yousf\.m2\repository\com\zaxxer\HikariCP\4.0.3\HikariCP-4.0.3.jar;C:\Users\yousf\.m2\repository\org\springframework\spring-jdbc\5.3.17\spring-jdbc-5.3.17.jar;C:\Users\yousf\.m2\repository\jakarta\transaction\jakarta.transaction-api\1.3.3\jakarta.transaction-api-1.3.3.jar;C:\Users\yousf\.m2\repository\jakarta\persistence\jakarta.persistence-api\2.2.3\jakarta.persistence-api-2.2.3.jar;C:\Users\yousf\.m2\repository\org\hibernate\hibernate-core\5.6.7.Final\hibernate-core-5.6.7.Final.jar;C:\Users\yousf\.m2\repository\org\jboss\logging\jboss-logging\3.4.3.Final\jboss-logging-3.4.3.Final.jar;C:\Users\yousf\.m2\repository\net\bytebuddy\byte-buddy\1.11.22\byte-buddy-1.11.22.jar;C:\Users\yousf\.m2\repository\antlr\antlr\2.7.7\antlr-2.7.7.jar;C:\Users\yousf\.m2\repository\org\jboss\jandex\2.4.2.Final\jandex-2.4.2.Final.jar;C:\Users\yousf\.m2\repository\com\fasterxml\classmate\1.5.1\classmate-1.5.1.jar;C:\Users\yousf\.m2\repository\org\hibernate\common\hibernate-commons-annotations\5.1.2.Final\hibernate-commons-annotations-5.1.2.Final.jar;C:\Users\yousf\.m2\repository\org\glassfish\jaxb\jaxb-runtime\2.3.6\jaxb-runtime-2.3.6.jar;C:\Users\yousf\.m2\repository\org\glassfish\jaxb\txw2\2.3.6\txw2-2.3.6.jar;C:\Users\yousf\.m2\repository\com\sun\istack\istack-commons-runtime\3.0.12\istack-commons-runtime-3.0.12.jar;C:\Users\yousf\.m2\repository\com\sun\activation\jakarta.activation\1.2.2\jakarta.activation-1.2.2.jar;C:\Users\yousf\.m2
Launcher Type: SUN_STANDARD

[Global flags]
     intx CICompilerCount                          = 4                                         {product} {ergonomic}
     uint ConcGCThreads                            = 2                                         {product} {ergonomic}
     uint G1ConcRefinementThreads                  = 8                                         {product} {ergonomic}
   size_t G1HeapRegionSize                         = 2097152                                   {product} {ergonomic}
    uintx GCDrainStackTargetSize                   = 64                                        {product} {ergonomic}
   size_t InitialHeapSize                          = 167772160                                 {product} {ergonomic}
     bool ManagementServer                         = true                                      {product} {command line}
   size_t MarkStackSize                            = 4194304                                   {product} {ergonomic}
   size_t MaxHeapSize                              = 2652897280                                {product} {ergonomic}
   size_t MaxNewSize                               = 1591738368                                {product} {ergonomic}
   size_t MinHeapDeltaBytes                        = 2097152                                   {product} {ergonomic}
   size_t MinHeapSize                              = 8388608                                   {product} {ergonomic}
    uintx NonProfiledCodeHeapSize                  = 0                                      {pd product} {ergonomic}
     bool ProfileInterpreter                       = false                                  {pd product} {command line}
    uintx ProfiledCodeHeapSize                     = 0                                      {pd product} {ergonomic}
     bool ShowCodeDetailsInExceptionMessages       = true                                   {manageable} {command line}
   size_t SoftMaxHeapSize                          = 2652897280                             {manageable} {ergonomic}
     intx TieredStopAtLevel                        = 1                                         {product} {command line}
     bool UseCompressedClassPointers               = true                           {product lp64_product} {ergonomic}
     bool UseCompressedOops                        = true                           {product lp64_product} {ergonomic}
     bool UseG1GC                                  = true                                      {product} {ergonomic}
     bool UseLargePagesIndividualAllocation        = false                                  {pd product} {ergonomic}

Logging:
Log output configuration:
 #0: stdout all=warning uptime,level,tags
 #1: stderr all=off uptime,level,tags

Environment Variables:
PATH=C:/Users/yousf/Downloads/sts-4.13.1.RELEASE//plugins/org.eclipse.justj.openjdk.hotspot.jre.full.win32.x86_64_17.0.1.v20211116-1657/jre/bin/server;C:/Users/yousf/Downloads/sts-4.13.1.RELEASE//plugins/org.eclipse.justj.openjdk.hotspot.jre.full.win32.x86_64_17.0.1.v20211116-1657/jre/bin;C:\Program Files\Common Files\Oracle\Java\javapath;"C:\Program Files (x86)\VMware\VMware Player\bin\;C:\wamp64(2)\bin\php\php7.4.9";C:\Program Files (x86)\Java\jdk1.8.0_271\bin;C:\Program Files\Git\cmd;C:\Program Files\nodejs\;C:\wamp64(2)\bin\php\php7.4.9;C:\composer;C:\Users\yousf\AppData\Roaming\npm;"C:\Program Files\MySQL\MySQL Shell 8.0\bin\;C:\wamp64(2)\bin\php\php7.4.9";"C:\Users\yousf\AppData\Local\Microsoft\WindowsApps;C:\Windows\System32;";C:\Users\yousf\AppData\Local\Programs\Microsoft VS Code\bin;C:\Program Files\JetBrains\WebStorm 2020.3.2\bin;;C:\Users\yousf\AppData\Roaming\npm;C:\wamp64(2)\bin\php\php7.4.9;C:\Users\yousf\AppData\Roaming\Composer\vendor\bin;C:\Program Files\nodejs\;C:\Users\yousf\AppData\Local\GitHubDesktop\bin;C:\Users\yousf\Downloads\sts-4.13.1.RELEASE;
USERNAME=yousf
OS=Windows_NT
PROCESSOR_IDENTIFIER=AMD64 Family 23 Model 24 Stepping 1, AuthenticAMD



---------------  S Y S T E M  ---------------

OS:
 Windows 10 , 64 bit Build 19041 (10.0.19041.1566)
OS uptime: 4 days 20:51 hours

CPU: total 8 (initial active 8) (8 cores per cpu, 2 threads per core) family 23 model 24 stepping 1 microcode 0x0, cx8, cmov, fxsr, ht, mmx, 3dnowpref, sse, sse2, sse3, ssse3, sse4a, sse4.1, sse4.2, popcnt, lzcnt, tsc, tscinvbit, avx, avx2, aes, clmul, bmi1, bmi2, adx, sha, fma, vzeroupper, clflush, clflushopt

Memory: 4k page, system-wide physical 10116M (1193M free)
TotalPageFile size 40481M (AvailPageFile size 16M)
current process WorkingSet (physical memory assigned to process): 157M, peak: 157M
current process commit charge ("private bytes"): 295M, peak: 315M

vm_info: OpenJDK 64-Bit Server VM (17.0.1+12) for windows-amd64 JRE (17.0.1+12), built on Oct 20 2021 07:42:55 by "" with MS VC++ 16.7 (VS2019)

END.
